[debug] [2021-06-13T05:23:12.686Z] ----------------------------------------------------------------------
[debug] [2021-06-13T05:23:12.689Z] Command:       C:\Program Files\nodejs\node.exe C:\Users\Hi\AppData\Roaming\npm\node_modules\firebase-tools\lib\bin\firebase.js init
[debug] [2021-06-13T05:23:12.690Z] CLI Version:   9.12.1
[debug] [2021-06-13T05:23:12.690Z] Platform:      win32
[debug] [2021-06-13T05:23:12.690Z] Node Version:  v16.2.0
[debug] [2021-06-13T05:23:12.691Z] Time:          Sun Jun 13 2021 11:23:12 GMT+0600 (Bangladesh Standard Time)
[debug] [2021-06-13T05:23:12.691Z] ----------------------------------------------------------------------
[debug] 
[debug] [2021-06-13T05:23:12.698Z] > command requires scopes: ["email","openid","https://www.googleapis.com/auth/cloudplatformprojects.readonly","https://www.googleapis.com/auth/firebase","https://www.googleapis.com/auth/cloud-platform"]
[debug] [2021-06-13T05:23:12.699Z] > authorizing via signed-in user (smabumusa98@gmail.com)
[info] 
     ######## #### ########  ######## ########     ###     ######  ########
     ##        ##  ##     ## ##       ##     ##  ##   ##  ##       ##
     ######    ##  ########  ######   ########  #########  ######  ######
     ##        ##  ##    ##  ##       ##     ## ##     ##       ## ##
     ##       #### ##     ## ######## ########  ##     ##  ######  ########

You're about to initialize a Firebase project in this directory:

  C:\Users\Hi\Desktop\toDoApp\todo-app

[info] 
=== Project Setup
[info] 
[info] First, let's associate this project directory with a Firebase project.
[info] You can create multiple project aliases by running firebase use --add, 
[info] but for now we'll just set up a default project.
[info] 
[debug] [2021-06-13T05:23:34.787Z] > refreshing access token with scopes: []
[debug] [2021-06-13T05:23:34.791Z] >>> HTTP REQUEST POST https://www.googleapis.com/oauth2/v3/token  
 <request body omitted>
[debug] [2021-06-13T05:23:35.271Z] <<< HTTP RESPONSE 200 {"pragma":"no-cache","cache-control":"no-cache, no-store, max-age=0, must-revalidate","date":"Sun, 13 Jun 2021 05:23:35 GMT","expires":"Mon, 01 Jan 1990 00:00:00 GMT","content-type":"application/json; charset=utf-8","vary":"X-Origin, Referer, Origin,Accept-Encoding","server":"scaffolding on HTTPServer2","x-xss-protection":"0","x-frame-options":"SAMEORIGIN","x-content-type-options":"nosniff","alt-svc":"h3=\":443\"; ma=2592000,h3-29=\":443\"; ma=2592000,h3-T051=\":443\"; ma=2592000,h3-Q050=\":443\"; ma=2592000,h3-Q046=\":443\"; ma=2592000,h3-Q043=\":443\"; ma=2592000,quic=\":443\"; ma=2592000; v=\"46,43\"","accept-ranges":"none","transfer-encoding":"chunked"}
[debug] [2021-06-13T05:23:35.293Z] >>> [apiv2][query] GET https://firebase.googleapis.com/v1beta1/projects pageSize=100
[debug] [2021-06-13T05:23:36.031Z] <<< [apiv2][status] GET https://firebase.googleapis.com/v1beta1/projects 200
[debug] [2021-06-13T05:23:36.031Z] <<< [apiv2][body] GET https://firebase.googleapis.com/v1beta1/projects [omitted]
[info] i  Using project todo-app-cp-251ff (todo-app-cp) 
[info] 
=== Hosting Setup
[info] 
[info] Your public directory is the folder (relative to your project directory) that
[info] will contain Hosting assets to be uploaded with firebase deploy. If you
[info] have a build process for your assets, use your build's output directory.
[info] 
[debug] [2021-06-13T05:28:24.799Z] >>> [apiv2][query] GET https://www.gstatic.com/firebasejs/releases.json [none]
[debug] [2021-06-13T05:28:25.143Z] <<< [apiv2][status] GET https://www.gstatic.com/firebasejs/releases.json 200
[debug] [2021-06-13T05:28:25.143Z] <<< [apiv2][body] GET https://www.gstatic.com/firebasejs/releases.json {"current":{"version":"8.6.7","browserURL":"https://www.gstatic.com/firebasejs/8.6.7/firebase.js","packageURL":"https://www.gstatic.com/firebasejs/8.6.7/firebase.tgz"},"live":{"version":"8.6","browserURL":"https://www.gstatic.com/firebasejs/live/8.6/firebase.js","packageURL":"https://www.gstatic.com/firebasejs/live/8.6/firebase.tgz"},"components":{"analytics":"https://www.gstatic.com/firebasejs/8.6.7/firebase-analytics.js","app":"https://www.gstatic.com/firebasejs/8.6.7/firebase-app.js","app-check":"https://www.gstatic.com/firebasejs/8.6.7/firebase-app-check.js","auth":"https://www.gstatic.com/firebasejs/8.6.7/firebase-auth.js","database":"https://www.gstatic.com/firebasejs/8.6.7/firebase-database.js","firestore":"https://www.gstatic.com/firebasejs/8.6.7/firebase-firestore.js","functions":"https://www.gstatic.com/firebasejs/8.6.7/firebase-functions.js","installations":"https://www.gstatic.com/firebasejs/8.6.7/firebase-installations.js","messaging":"https://www.gstatic.com/firebasejs/8.6.7/firebase-messaging.js","storage":"https://www.gstatic.com/firebasejs/8.6.7/firebase-storage.js","performance":"https://www.gstatic.com/firebasejs/8.6.7/firebase-performance.js","remote-config":"https://www.gstatic.com/firebasejs/8.6.7/firebase-remote-config.js","firestore.memory":"https://www.gstatic.com/firebasejs/8.6.7/firebase-firestore.memory.js"}}
[info] +  Wrote build/index.html 
[info] 
[info] i  Detected a .git folder at C:\Users\Hi\Desktop\toDoApp\todo-app 
[info] i  Authorizing with GitHub to upload your service account to a GitHub repository's secrets store. 
[info] 
[info] Visit this URL on this device to log in:
[info] https://github.com/login/oauth/authorize?client_id=89cf50f02ac6aaed3484&state=560000957&redirect_uri=http%3A%2F%2Flocalhost%3A9005&scope=read%3Auser%20repo%20public_repo
[info] 
[info] Waiting for authentication...
[debug] [2021-06-13T05:29:40.252Z] >>> HTTP REQUEST POST https://github.com/login/oauth/access_token  
 {"client_id":"89cf50f02ac6aaed3484","client_secret":"3330d14abc895d9a74d5f17cd7a00711fa2c5bf0","code":"abec12b1a1214225a591","redirect_uri":"http://localhost:9005","state":"560000957"}
[debug] [2021-06-13T05:29:40.876Z] <<< HTTP RESPONSE 200 {"server":"GitHub.com","date":"Sun, 13 Jun 2021 05:29:40 GMT","content-type":"application/json; charset=utf-8","transfer-encoding":"chunked","vary":"X-PJAX, Accept-Encoding, Accept, X-Requested-With","permissions-policy":"interest-cohort=()","etag":"W/\"0366f619134583ee54226e31d3fffa36\"","cache-control":"max-age=0, private, must-revalidate","strict-transport-security":"max-age=31536000; includeSubdomains; preload","x-frame-options":"deny","x-content-type-options":"nosniff","x-xss-protection":"0","referrer-policy":"origin-when-cross-origin, strict-origin-when-cross-origin","expect-ct":"max-age=2592000, report-uri=\"https://api.github.com/_private/browser/errors\"","content-security-policy":"default-src 'none'; base-uri 'self'; block-all-mixed-content; connect-src 'self' uploads.github.com www.githubstatus.com collector.githubapp.com api.github.com github-cloud.s3.amazonaws.com github-production-repository-file-5c1aeb.s3.amazonaws.com github-production-upload-manifest-file-7fdce7.s3.amazonaws.com github-production-user-asset-6210df.s3.amazonaws.com html-translator.herokuapp.com cdn.optimizely.com logx.optimizely.com/v1/events wss://alive.github.com; font-src github.githubassets.com; form-action 'self' github.com gist.github.com; frame-ancestors 'none'; frame-src render.githubusercontent.com; img-src 'self' data: github.githubassets.com identicons.github.com collector.githubapp.com github-cloud.s3.amazonaws.com secured-user-images.githubusercontent.com/ *.githubusercontent.com; manifest-src 'self'; media-src 'none'; script-src github.githubassets.com; style-src 'unsafe-inline' github.githubassets.com; worker-src github.com/socket-worker-3f088aa2.js gist.github.com/socket-worker-3f088aa2.js","x-github-request-id":"8CFE:1465:A13165:AB0D59:60C597C4"}
[debug] [2021-06-13T05:29:40.887Z] >>> [apiv2][query] GET https://api.github.com/user [none]
[debug] [2021-06-13T05:29:41.473Z] <<< [apiv2][status] GET https://api.github.com/user 200
[debug] [2021-06-13T05:29:41.473Z] <<< [apiv2][body] GET https://api.github.com/user {"login":"musa-github","id":85114479,"node_id":"MDQ6VXNlcjg1MTE0NDc5","avatar_url":"https://avatars.githubusercontent.com/u/85114479?v=4","gravatar_id":"","url":"https://api.github.com/users/musa-github","html_url":"https://github.com/musa-github","followers_url":"https://api.github.com/users/musa-github/followers","following_url":"https://api.github.com/users/musa-github/following{/other_user}","gists_url":"https://api.github.com/users/musa-github/gists{/gist_id}","starred_url":"https://api.github.com/users/musa-github/starred{/owner}{/repo}","subscriptions_url":"https://api.github.com/users/musa-github/subscriptions","organizations_url":"https://api.github.com/users/musa-github/orgs","repos_url":"https://api.github.com/users/musa-github/repos","events_url":"https://api.github.com/users/musa-github/events{/privacy}","received_events_url":"https://api.github.com/users/musa-github/received_events","type":"User","site_admin":false,"name":"Abu Musa","company":null,"blog":"","location":null,"email":null,"hireable":null,"bio":"Hi there !\r\nI am Abu Musa ,\r\nI am a javascript developer.","twitter_username":null,"public_repos":1,"public_gists":0,"followers":1,"following":0,"created_at":"2021-05-31T12:44:40Z","updated_at":"2021-06-13T05:29:39Z","private_gists":0,"total_private_repos":0,"owned_private_repos":0,"disk_usage":2210,"collaborators":0,"two_factor_authentication":false,"plan":{"name":"free","space":976562499,"collaborators":0,"private_repos":10000}}
[info] 
[info] +  Success! Logged into GitHub as musa-github 
[info] 
[debug] [2021-06-13T05:33:11.165Z] >>> [apiv2][query] GET https://api.github.com/repos/npm run build/actions/secrets/public-key type=owner
[debug] [2021-06-13T05:33:11.720Z] <<< [apiv2][status] GET https://api.github.com/repos/npm run build/actions/secrets/public-key 404
[debug] [2021-06-13T05:33:11.720Z] <<< [apiv2][body] GET https://api.github.com/repos/npm run build/actions/secrets/public-key {"message":"Not Found","documentation_url":"https://docs.github.com/rest"}
[debug] [2021-06-13T05:37:13.182Z] >>> [apiv2][query] GET https://api.github.com/repos/cli/actions/secrets/public-key type=owner
[debug] [2021-06-13T05:37:13.734Z] <<< [apiv2][status] GET https://api.github.com/repos/cli/actions/secrets/public-key 404
[debug] [2021-06-13T05:37:13.735Z] <<< [apiv2][body] GET https://api.github.com/repos/cli/actions/secrets/public-key {"message":"Not Found","documentation_url":"https://docs.github.com/rest"}
[debug] [2021-06-13T05:37:32.279Z] >>> [apiv2][query] GET https://api.github.com/repos/firebase cli/actions/secrets/public-key type=owner
[debug] [2021-06-13T05:37:32.892Z] <<< [apiv2][status] GET https://api.github.com/repos/firebase cli/actions/secrets/public-key 404
[debug] [2021-06-13T05:37:32.892Z] <<< [apiv2][body] GET https://api.github.com/repos/firebase cli/actions/secrets/public-key {"message":"Not Found","documentation_url":"https://docs.github.com/rest"}
[debug] [2021-06-13T05:37:43.005Z] >>> [apiv2][query] GET https://api.github.com/repos/npm init/actions/secrets/public-key type=owner
[debug] [2021-06-13T05:37:43.531Z] <<< [apiv2][status] GET https://api.github.com/repos/npm init/actions/secrets/public-key 404
[debug] [2021-06-13T05:37:43.531Z] <<< [apiv2][body] GET https://api.github.com/repos/npm init/actions/secrets/public-key {"message":"Not Found","documentation_url":"https://docs.github.com/rest"}
[debug] [2021-06-13T05:37:49.565Z] >>> [apiv2][query] GET https://api.github.com/repos/cls/actions/secrets/public-key type=owner
[debug] [2021-06-13T05:37:50.176Z] <<< [apiv2][status] GET https://api.github.com/repos/cls/actions/secrets/public-key 404
[debug] [2021-06-13T05:37:50.176Z] <<< [apiv2][body] GET https://api.github.com/repos/cls/actions/secrets/public-key {"message":"Not Found","documentation_url":"https://docs.github.com/rest"}
[debug] [2021-06-13T05:39:42.630Z] >>> [apiv2][query] GET https://api.github.com/repos/cd ..//actions/secrets/public-key type=owner
[debug] [2021-06-13T05:39:43.235Z] <<< [apiv2][status] GET https://api.github.com/repos/cd ..//actions/secrets/public-key 404
[debug] [2021-06-13T05:39:43.235Z] <<< [apiv2][body] GET https://api.github.com/repos/cd ..//actions/secrets/public-key {"message":"Not Found","documentation_url":"https://docs.github.com/rest"}
